C51 COMPILER V9.01   GUI                                                                   12/16/2014 14:19:38 PAGE 1   


C51 COMPILER V9.01, COMPILATION OF MODULE GUI
OBJECT MODULE PLACED IN gui.OBJ
COMPILER INVOKED BY: d:\Keil\C51\BIN\C51.EXE gui.c BROWSE DEBUG OBJECTEXTEND

line level    source

   1          #include"gui.h"
   2          #include"charcode.h"
   3          //---如果要显示图片就添加这个头文件---//
   4          #ifdef PICTURE_SHOW
   5          
   6          #include"picture.h"
   7          
   8          #endif
   9          
  10          /****************************************************************************
  11          *函数名：GUI_Dot
  12          *输  入：x,y, color
  13          *输  出：
  14          *功  能：给单个像素涂上颜色。
  15          ****************************************************************************/     
  16          
  17          void GUI_Dot(uchar x, uint y, uint color)
  18          {  
  19   1              TFT_SetWindow(x, y, x, y);  //单个像素
  20   1              TFT_WriteData(color);
  21   1      }
  22          
  23          ///****************************************************************************
  24          //*函数名：GUI_Box
  25          //*输  入： sx, sy, ex, ey, color
  26          //*输  出：
  27          //*功  能：给一个区域涂上颜色。
  28          //****************************************************************************/   
  29          //void GUI_Box(uchar sx, uint sy, uchar ex, uint ey, uint color)
  30          //{ 
  31          //      uint temp;   
  32          //      TFT_SetWindow(sx, sy, ex, ey); 
  33          //  sx = ex - sx + 1;
  34          //      sy = ey - sy + 1;
  35          //      while (sx--)
  36          //      {
  37          //              temp = sy;
  38          //              while (temp--)
  39          //              {       
  40          //                      TFT_WriteData(color);
  41          //              }
  42          //      }
  43          //}
  44          
  45          /****************************************************************************
  46          *函数名：GUI_Line 
  47          *输  入：xStart,yStart,xEnd,yEnd,color
  48          *输  出：
  49          *功  能：画一条直线
  50          ****************************************************************************/     
  51          
  52          void GUI_Line(uchar xStart, uint yStart, uchar xEnd, uint yEnd, uint color)
  53          {
  54   1              uint t;  
  55   1              int xerr = 0, yerr = 0, delta_x, delta_y, distance;  
C51 COMPILER V9.01   GUI                                                                   12/16/2014 14:19:38 PAGE 2   

  56   1              int incx, incy;  
  57   1              uint row, col;  
  58   1              delta_x = xEnd - xStart;//计算坐标增量  
  59   1              delta_y = yEnd - yStart;  
  60   1              col = xStart;  
  61   1              row = yStart;  
  62   1              if (delta_x > 0)
  63   1              {
  64   2                      incx=1;//设置单步方向
  65   2              }         
  66   1              else    
  67   1              {  
  68   2                  if (delta_x == 0)
  69   2                      {
  70   3                              incx = 0;//垂直线 
  71   3                      }                
  72   2                  else 
  73   2                              {
  74   3                                      incx = -1;
  75   3                                      delta_x = -delta_x;
  76   3                              }  
  77   2              }  
  78   1              if (delta_y > 0)
  79   1              {
  80   2                      incy = 1;
  81   2              }         
  82   1              else  
  83   1              {  
  84   2                  if (delta_y == 0)
  85   2                      {
  86   3                              incy = 0;//水平线  
  87   3                      } 
  88   2                  else 
  89   2                      {
  90   3                              incy = -1;
  91   3                              delta_y = -delta_y;
  92   3                      }  
  93   2              }  
  94   1              if (delta_x > delta_y)
  95   1              { 
  96   2                      distance = delta_x;//选取基本增量坐标轴  
  97   2              }
  98   1              else
  99   1              {
 100   2                      distance = delta_y; 
 101   2              }       
 102   1              for (t=0; t<=distance+1; t++)  
 103   1              {                                     //画线输出  
 104   2                  GUI_Dot(col, row, color);
 105   2                  xerr += delta_x;  
 106   2                  yerr += delta_y;  
 107   2                      if(xerr > distance)  
 108   2                  {  
 109   3                      xerr -= distance;  
 110   3                      col += incx;  
 111   3                  }  
 112   2                  if(yerr > distance)  
 113   2                  {  
 114   3                      yerr -= distance;  
 115   3                      row += incy;  
 116   3                  }  
 117   2              }  
C51 COMPILER V9.01   GUI                                                                   12/16/2014 14:19:38 PAGE 3   

 118   1      }
 119          
 120          /****************************************************************************
 121          *函数名：GUI_WriteCnChar 
 122          *输  入：x,y,cn,wordColor,backColor
 123          *输  出：
 124          *功  能：写二号楷体汉字
 125          ****************************************************************************/     
 126          
 127          #ifdef CHAR32_SHOW
 128          
 129          void GUI_Write32CnChar(uint x, uint y, uchar *cn, uint wordColor, uint backColor)        
 130          {  
 131   1              uchar i, j, wordNum;
 132   1              uint color;
 133   1              while (*cn != '\0')
 134   1              {
 135   2                      TFT_SetWindow(x, y, x+31, y+28);
 136   2                      for (wordNum=0; wordNum<20; wordNum++)
 137   2                      {       //wordNum扫描字库的字数
 138   3                              if ((CnChar32x29[wordNum].Index[0]==*cn)
 139   3                                   &&(CnChar32x29[wordNum].Index[1]==*(cn+1)))
 140   3                              {
 141   4                                      for(i=0; i<116; i++) 
 142   4                                      {       //MSK的位数
 143   5                                              color=CnChar32x29[wordNum].Msk[i];
 144   5                                              for(j=0;j<8;j++) 
 145   5                                              {
 146   6                                                      if((color&0x80)==0x80)
 147   6                                                      {
 148   7                                                              TFT_WriteData(wordColor);
 149   7                                                      }                                               
 150   6                                                      else
 151   6                                                      {
 152   7                                                              TFT_WriteData(backColor);
 153   7                                                      } 
 154   6                                                      color<<=1;
 155   6                                              }//for(j=0;j<8;j++)结束
 156   5                                      }    
 157   4                              }
 158   3                      } //for (wordNum=0; wordNum<20; wordNum++)结束  
 159   2                      cn += 2;
 160   2                      x += 32;
 161   2              }
 162   1      }
 163          #endif
 164          
 165          /****************************************************************************
 166          *函数名：GUI_WriteEnChar 
 167          *输  入：x,y,en,wordColor,backColor
 168          *输  出：
 169          *功  能：写四号字字母
 170          ****************************************************************************/     
 171          #ifdef CHAR14_SHOW
              
              void GUI_Write14CnChar(uint x,uint y,uchar *cn,uint wordColor,uint backColor)    
              {  
                      uchar i, j, wordNum;
                      uint color;
                      while (*cn != '\0')
                      {
                              TFT_SetWindow(x, y, x+23, y+18);
C51 COMPILER V9.01   GUI                                                                   12/16/2014 14:19:38 PAGE 4   

                              for (wordNum=0; wordNum<20; wordNum++)
                              {       //wordNum扫描字库的字数
                                      if ((CnChar19x24[wordNum].Index[0]==*cn)
                                           &&(CnChar19x24[wordNum].Index[1]==*(cn+1)))
                                      {
                                              for(i=0; i<57; i++) 
                                              {       //MSK的位数
                                                      color=CnChar19x24[wordNum].Msk[i];
                                                      for(j=0;j<8;j++) 
                                                      {
                                                              if((color&0x80)==0x80)
                                                              {
                                                                      TFT_WriteData(wordColor);
                                                              }                                               
                                                              else
                                                              {
                                                                      TFT_WriteData(backColor);
                                                              } 
                                                              color<<=1;
                                                      }//for(j=0;j<8;j++)结束
                                              }    
                                      }
                              } //for (wordNum=0; wordNum<20; wordNum++)结束  
                              cn += 2;
                              x += 24;
                      }
              }
              
              #endif 
 209          /****************************************************************************
 210          *函数名：GUI_WriteASCII 
 211          *输  入：x,y,en,wordColor,backColor, *p
 212          *输  出：
 213          *功  能：写16X24的ASCII字符
 214          ****************************************************************************/     
 215          
 216          #ifdef USE_ASCII
              
              void GUI_WriteASCII(uchar x, uchar y, uchar *p, uint wordColor, uint backColor)
              {
                      uchar j, wordByte,wordNum;
                      uint color;
                      while(*p != '\0')
                      {
                              wordNum = *p - 32;
                              TFT_SetWindow(x,y,x+15, y+23);
                              for (wordByte=0; wordByte<48; wordByte++)
                              {
                                      color = ASCII16x24[wordNum][wordByte];
                                      for (j=0; j<8; j++) 
                                      {
                                              if ((color&0x80) == 0x80)
                                              {
                                                      TFT_WriteData(wordColor);
                                              }                                               
                                              else
                                              {
                                                      TFT_WriteData(backColor);
                                              }       
                                              color <<= 1;
                                      }
                              }
C51 COMPILER V9.01   GUI                                                                   12/16/2014 14:19:38 PAGE 5   

                              p++;
                              x +=16;
                      }
              }
              #endif
 247          
 248          /****************************************************************************
 249          *函数名：GUI_ShowPicture 
 250          *输  入：x,y,cn,wordColor,backColor
 251          *输  出：
 252          *功  能：画一条直线
 253          ****************************************************************************/     
 254          #ifdef PICTURE_SHOW
 255          
 256          void GUI_ShowPicture(uchar x, uint y, uchar wide, uint high)
 257          {
 258   1              uint temp = 0, tmp = 0, num = 0;
 259   1              TFT_SetWindow(x, y, x+wide-1, y+high-1);
 260   1              num = wide * high * 2;
 261   1              do
 262   1              {  
 263   2                      temp = pic[tmp + 1];
 264   2                      temp = temp << 8;
 265   2                      temp = temp | pic[tmp];
 266   2                      TFT_WriteData(temp);//逐点显示
 267   2                      tmp += 2;
 268   2              }
 269   1              while(tmp < num);       
 270   1      }
 271          
 272          #endif
 273          
 274          
 275          
 276          
 277          
 278          
 279          
 280          
 281          
 282          
 283          
 284          
 285          
 286          
 287          


MODULE INFORMATION:   STATIC OVERLAYABLE
   CODE SIZE        =    710    ----
   CONSTANT SIZE    =   4312    ----
   XDATA SIZE       =   ----    ----
   PDATA SIZE       =   ----    ----
   DATA SIZE        =   ----      58
   IDATA SIZE       =   ----    ----
   BIT SIZE         =   ----    ----
END OF MODULE INFORMATION.


C51 COMPILATION COMPLETE.  0 WARNING(S),  0 ERROR(S)
