C51 COMPILER V9.01   MAIN                                                                  12/16/2014 14:20:18 PAGE 1   


C51 COMPILER V9.01, COMPILATION OF MODULE MAIN
OBJECT MODULE PLACED IN main.OBJ
COMPILER INVOKED BY: d:\Keil\C51\BIN\C51.EXE main.c BROWSE DEBUG OBJECTEXTEND

line level    source

   1          #include "REG51.H"
   2          #include "lcd_driver.h"
   3          #include "gui.h"
   4          
   5          /****************************************************************************
   6          *函数名：main
   7          *输  入：无
   8          *输  出：无
   9          *功  能：主函数
  10          ****************************************************************************/
  11          
  12          void main (void)
  13          {
  14   1              TFT_Init();
  15   1              TFT_ClearScreen(BLACK);
  16   1              GUI_ShowPicture(175-60, 220-32, 60, 32); //显示在右下角则用最大值减去图片大小
  17   1              GUI_Write32CnChar(22, 0, "普中科技", RED, BLACK);
  18   1              GUI_Line(22, 29, 150, 29, RED);
  19   1          while(1);
  20   1      }
  21          
  22                  


MODULE INFORMATION:   STATIC OVERLAYABLE
   CODE SIZE        =     76    ----
   CONSTANT SIZE    =      9    ----
   XDATA SIZE       =   ----    ----
   PDATA SIZE       =   ----    ----
   DATA SIZE        =   ----    ----
   IDATA SIZE       =   ----    ----
   BIT SIZE         =   ----    ----
END OF MODULE INFORMATION.


C51 COMPILATION COMPLETE.  0 WARNING(S),  0 ERROR(S)
