C51 COMPILER V9.54   MAIN                                                                  07/29/2020 11:16:04 PAGE 1   


C51 COMPILER V9.54, COMPILATION OF MODULE MAIN
OBJECT MODULE PLACED IN .\output\main.obj
COMPILER INVOKED BY: C:\Keil_v5\C51\BIN\C51.EXE main.c OPTIMIZE(8,SPEED) BROWSE DEBUG OBJECTEXTEND PRINT(.\listing\main.
                    -lst) TABS(2) OBJECT(.\output\main.obj)

line level    source

   1          /*******************************************************************************
   2          *                 
   3          *                            普中科技
   4          --------------------------------------------------------------------------------
   5          * 实 验 名     : RS232串口发送试验
   6          * 实验说明       : 单片机一直通过串口发送“普中科技有限公司”到电脑
   7          * 连接方式       : 见连接图
   8          * 注    意     : 
   9          *******************************************************************************/
  10          
  11          #include<reg51.h>
  12          
  13          unsigned char PuZh[16] = "普中科技有限公司";
  14          
  15          //--声明全局函数--//
  16          void UsartConfiguration();
  17          void Delay10ms(unsigned int c);   //误差 0us
  18          
  19          /*******************************************************************************
  20          * 函 数 名         : main
  21          * 函数功能       : 主函数
  22          * 输    入         : 无
  23          * 输    出         : 无
  24          *******************************************************************************/
  25          
  26          void main()
  27          {
  28   1        unsigned char i;
  29   1        UsartConfiguration();
  30   1        while(1)
  31   1        {
  32   2          for(i=0; i<16; i++)
  33   2          {
  34   3            SBUF = PuZh[i];   //将要发送的数据放入到发送寄存器
  35   3            while(!TI);     //等待发送数据完成
  36   3            TI=0;       //清除发送完成标志位
  37   3          }
  38   2          Delay10ms(50);      //延时一下再发
  39   2        }
  40   1      }
  41          /*******************************************************************************
  42          * 函 数 名         :UsartConfiguration()
  43          * 函数功能       :设置串口
  44          * 输    入         : 无
  45          * 输    出         : 无
  46          *******************************************************************************/
  47          
  48          void UsartConfiguration()
  49          {
  50   1        SCON=0X50;      //设置为工作方式1
  51   1        TMOD=0X20;      //设置计数器工作方式2
  52   1        PCON=0X80;      //波特率加倍
  53   1        TH1=0XF3;       //计数器初始值设置，注意波特率是4800的
  54   1        TL1=0XF3;
C51 COMPILER V9.54   MAIN                                                                  07/29/2020 11:16:04 PAGE 2   

  55   1      //  ES=1;           //打开接收中断
  56   1      //  EA=1;           //打开总中断
  57   1        TR1=1;              //打开计数器
  58   1      }
  59          
  60          /*******************************************************************************
  61          * 函 数 名         : Delay10ms
  62          * 函数功能       : 延时函数，延时10ms
  63          * 输    入         : 无
  64          * 输    出         : 无
  65          *******************************************************************************/
  66          
  67          void Delay10ms(unsigned int c)   //误差 0us
  68          {
  69   1          unsigned char a, b;
  70   1      
  71   1        //--c已经在传递过来的时候已经赋值了，所以在for语句第一句就不用赋值了--//
  72   1          for (;c>0;c--)
  73   1        {
  74   2          for (b=38;b>0;b--)
  75   2          {
  76   3            for (a=130;a>0;a--);
  77   3          }          
  78   2        }       
  79   1      }


MODULE INFORMATION:   STATIC OVERLAYABLE
   CODE SIZE        =     73    ----
   CONSTANT SIZE    =   ----    ----
   XDATA SIZE       =   ----    ----
   PDATA SIZE       =   ----    ----
   DATA SIZE        =     16    ----
   IDATA SIZE       =   ----    ----
   BIT SIZE         =   ----    ----
END OF MODULE INFORMATION.


C51 COMPILATION COMPLETE.  0 WARNING(S),  0 ERROR(S)
