C51 COMPILER V9.54   PWM                                                                   07/29/2020 11:25:48 PAGE 1   


C51 COMPILER V9.54, COMPILATION OF MODULE PWM
OBJECT MODULE PLACED IN .\Objects\PWM.obj
COMPILER INVOKED BY: C:\Keil_v5\C51\BIN\C51.EXE PWM.c OPTIMIZE(8,SPEED) BROWSE DEBUG OBJECTEXTEND PRINT(.\Listings\PWM.l
                    -st) TABS(2) OBJECT(.\Objects\PWM.obj)

line level    source

   1          #include <reg52.h>
   2          
   3          
   4          sbit PWM=P1^0;
   5          
   6          unsigned char timer1; 
   7          
   8          void Time1Config();
   9          
  10          void main(void)
  11          {
  12   1        Time1Config();
  13   1        while(1)
  14   1        { 
  15   2          if(timer1>100)  //PWM周期为100*0.5ms
  16   2          {
  17   3            timer1=0;
  18   3          }
  19   2          if(timer1 < 50) //改变30这个值可以改变直流电机的速度
  20   2          {
  21   3            PWM=1;
  22   3          }
  23   2          else
  24   2          {
  25   3            PWM=1;
  26   3          }
  27   2        }
  28   1        
  29   1      
  30   1       }
  31          
  32          /*******************************************************************************
  33          * 函 数 名       : Time1Config
  34          * 函数功能     : 设置定时器
  35          * 输    入       : 无
  36          * 输    出       : 无
  37          *******************************************************************************/
  38          
  39          void Time1Config()
  40          {
  41   1        TMOD|= 0x10;   //设置定时计数器工作方式1为定时器
  42   1      
  43   1        //--定时器赋初始值，12MHZ下定时0.5ms--//  
  44   1        TH1 = 0xFE; 
  45   1        TL1 = 0x0C;
  46   1      
  47   1        
  48   1        ET1 = 1;   //开启定时器1中断
  49   1        EA = 1;
  50   1        TR1 = 1;   //开启定时器 
  51   1      }
  52          
  53          /*******************************************************************************
  54          * 函 数 名       : Time1
C51 COMPILER V9.54   PWM                                                                   07/29/2020 11:25:48 PAGE 2   

  55          * 函数功能     : 定时器1的中断函数
  56          * 输    入       : 无
  57          * 输    出       : 无
  58          *******************************************************************************/
  59          
  60          void Time1(void) interrupt 3    //3 为定时器1的中断号  1 定时器0的中断号 0 外部中断1 2 外部中断2  4 串口中
             -断
  61          {
  62   1        TH1 = 0xFE;  //重新赋初值
  63   1        TL1 = 0x0C;
  64   1        timer1++;    
  65   1      }


MODULE INFORMATION:   STATIC OVERLAYABLE
   CODE SIZE        =     53    ----
   CONSTANT SIZE    =   ----    ----
   XDATA SIZE       =   ----    ----
   PDATA SIZE       =   ----    ----
   DATA SIZE        =      1    ----
   IDATA SIZE       =   ----    ----
   BIT SIZE         =   ----    ----
END OF MODULE INFORMATION.


C51 COMPILATION COMPLETE.  0 WARNING(S),  0 ERROR(S)
