C51 COMPILER V9.01   LED                                                                   01/22/2015 09:10:45 PAGE 1   


C51 COMPILER V9.01, COMPILATION OF MODULE LED
OBJECT MODULE PLACED IN led.OBJ
COMPILER INVOKED BY: d:\Keil\C51\BIN\C51.EXE led.c BROWSE DEBUG OBJECTEXTEND

line level    source

   1          /*******************************************************************************
   2          *                 
   3          *                                      普中科技
   4          --------------------------------------------------------------------------------
   5          * 实 验 名               : LED闪烁的简单试验
   6          * 实验说明       : 得到8盏LED交替亮灭的实验效果
   7          * 连接方式       : 见连接图
   8          * 注    意               : 
   9          *******************************************************************************/
  10          
  11          //--包含你要使用的头文件--//
  12          #include <reg51.h>         //此文件中定义了51的一些特殊功能寄存器
  13          
  14          //--声明全局函数--//
  15          void Delay10ms(unsigned int c);   //延时10ms
  16          
  17          /*******************************************************************************
  18          * 函 数 名         : main
  19          * 函数功能                 : 主函数
  20          * 输    入         : 无
  21          * 输    出         : 无
  22          *******************************************************************************/
  23          
  24          void main()
  25          { 
  26   1              while(1)
  27   1              {
  28   2                      //--数字前面加0x表示该数是十六进制的数，0x00就是十六进制的00--//
  29   2                      //--P0口一共有8个IO口，即从P0.0到P0.7，而0x00二进制就是0000 0000--//
  30   2                      //--效果就是P0.0到P2.7都是0，即低电平。而如果你想给P0.1口赋高电平时--//
  31   2                      //--二进制就是0000 0001，就是十六进制0x01.--//
  32   2                      P0  = 0x00; //置P0口为低电平
  33   2                      
  34   2                      Delay10ms(50); //调用延时程序，修改括号里面的值可以调整延时时间
  35   2                      
  36   2                      P0  = 0xff; //置P0口为高电平
  37   2                                      
  38   2                      Delay10ms(50); // 调用延时程序
  39   2              }
  40   1      
  41   1      }
  42          
  43          /*******************************************************************************
  44          * 函 数 名         : Delay10ms
  45          * 函数功能                 : 延时函数，延时10ms
  46          * 输    入         : 无
  47          * 输    出         : 无
  48          *******************************************************************************/
  49          
  50          void Delay10ms(unsigned int c)   //误差 0us
  51          {
  52   1          unsigned char a, b;
  53   1      
  54   1              //--c已经在传递过来的时候已经赋值了，所以在for语句第一句就不用赋值了--//
  55   1          for (;c>0;c--)
C51 COMPILER V9.01   LED                                                                   01/22/2015 09:10:45 PAGE 2   

  56   1              {
  57   2                      for (b=38;b>0;b--)
  58   2                      {
  59   3                              for (a=130;a>0;a--);
  60   3                      }
  61   2                 
  62   2              }
  63   1              
  64   1      }
  65          
  66          
  67          
  68          
  69          
  70          
  71          
  72          
  73          
  74          
  75          
  76          


MODULE INFORMATION:   STATIC OVERLAYABLE
   CODE SIZE        =     46    ----
   CONSTANT SIZE    =   ----    ----
   XDATA SIZE       =   ----    ----
   PDATA SIZE       =   ----    ----
   DATA SIZE        =   ----    ----
   IDATA SIZE       =   ----    ----
   BIT SIZE         =   ----    ----
END OF MODULE INFORMATION.


C51 COMPILATION COMPLETE.  0 WARNING(S),  0 ERROR(S)
