C51 COMPILER V9.54   MAIN                                                                  07/29/2020 21:10:42 PAGE 1   


C51 COMPILER V9.54, COMPILATION OF MODULE MAIN
OBJECT MODULE PLACED IN .\output\main.obj
COMPILER INVOKED BY: C:\Keil_v5\C51\BIN\C51.EXE main.c OPTIMIZE(8,SPEED) BROWSE DEBUG OBJECTEXTEND PRINT(.\listing\main.
                    -lst) TABS(2) OBJECT(.\output\main.obj)

line level    source

   1          /*******************************************************************************
   2          *                 
   3          *                            普中科技
   4          --------------------------------------------------------------------------------
   5          * 实 验 名     : 74H595显示试验
   6          * 实验说明       : 使用74H595控制LED灯
   7          * 连接方式       : 见连接图
   8          * 注    意     : 
   9          *******************************************************************************/
  10          
  11          #include<reg51.h>
  12          #include<intrins.h>
  13          
  14          //--定义使用的IO口--//
  15          sbit SRCLK=P3^6;
  16          sbit RCLK=P3^5;
  17          sbit SER=P3^4;
  18          
  19          //--声明全局变量--//
  20          void Hc595SendByte(unsigned char dat);
  21          void Delay10ms(unsigned int ) ;
  22          
  23          /*******************************************************************************
  24          * 函 数 名         : main
  25          * 函数功能       : 主函数
  26          * 输    入         : 无
  27          * 输    出         : 无
  28          *******************************************************************************/
  29          
  30          void main()
  31          {
  32   1        unsigned char ledNum;
  33   1      
  34   1        ledNum = 0x01;
  35   1      
  36   1        while(1)
  37   1        {
  38   2          Hc595SendByte(ledNum);
  39   2          ledNum = _cror_(ledNum, 1);
  40   2          Delay10ms(50);
  41   2        } 
  42   1      }
  43          /*******************************************************************************
  44          * 函 数 名         : Hc595SendByte(unsigned char dat)
  45          * 函数功能       : 想74H595发送一个字节的数据
  46          * 输    入         : 无
  47          * 输    出         : 无
  48          *******************************************************************************/
  49          void Hc595SendByte(unsigned char dat)
  50          {
  51   1        unsigned char a;
  52   1      
  53   1        SRCLK = 1;
  54   1        RCLK = 1;
C51 COMPILER V9.54   MAIN                                                                  07/29/2020 21:10:42 PAGE 2   

  55   1      
  56   1        for(a=0;a<8;a++)     //发送8位数
  57   1        {
  58   2          SER = dat >> 7;    //从最高位开始发送
  59   2          dat <<= 1;
  60   2      
  61   2          SRCLK = 0;       //发送时序
  62   2          _nop_();
  63   2          _nop_();
  64   2          SRCLK = 1;  
  65   2        }
  66   1        RCLK = 0;
  67   1        _nop_();
  68   1        _nop_();
  69   1        RCLK = 1;
  70   1      }
  71          
  72          /*******************************************************************************
  73          * 函 数 名         : Delay10ms
  74          * 函数功能       : 延时函数，延时10ms
  75          * 输    入         : 无
  76          * 输    出         : 无
  77          *******************************************************************************/
  78          
  79          void Delay10ms(unsigned int c)   //误差 0us
  80          {
  81   1          unsigned char a, b;
  82   1      
  83   1        //--c已经在传递过来的时候已经赋值了，所以在for语句第一句就不用赋值了--//
  84   1          for (;c>0;c--)
  85   1        {
  86   2          for (b=38;b>0;b--)
  87   2          {
  88   3            for (a=130;a>0;a--);
  89   3          }          
  90   2        }       
  91   1      }


MODULE INFORMATION:   STATIC OVERLAYABLE
   CODE SIZE        =     93    ----
   CONSTANT SIZE    =   ----    ----
   XDATA SIZE       =   ----    ----
   PDATA SIZE       =   ----    ----
   DATA SIZE        =   ----       1
   IDATA SIZE       =   ----    ----
   BIT SIZE         =   ----    ----
END OF MODULE INFORMATION.


C51 COMPILATION COMPLETE.  0 WARNING(S),  0 ERROR(S)
