C51 COMPILER V9.54   LED                                                                   07/29/2020 21:08:51 PAGE 1   


C51 COMPILER V9.54, COMPILATION OF MODULE LED
OBJECT MODULE PLACED IN .\output\led.obj
COMPILER INVOKED BY: C:\Keil_v5\C51\BIN\C51.EXE led.c OPTIMIZE(8,SPEED) BROWSE DEBUG OBJECTEXTEND PRINT(.\listing\led.ls
                    -t) TABS(2) OBJECT(.\output\led.obj)

line level    source

   1          /*******************************************************************************
   2          *  标题:                  试验74HC595驱动数码管上显示数字（C语言）             *
   3          *                                          *
   4          *   连接方法：JP595用跳线冒短接  JP3和P595_A 用8PIN排线连接                *                           
   5          ********************************************************************************
   6          * 通过本例程了解 74HC595（串入并出）基本原理和使用                         *
   7          *                                                            *
   8          * 请学员认真消化本例程，懂74C595在C语言中的操作                                *
   9          ********************************************************************************/
  10          
  11          
  12          #include <reg51.h> 
  13          #include <intrins.h>
  14          #define  NOP() _nop_()  /* 定义空指令 */
  15          
  16          //SPI IO
  17          sbit MOSIO =P3^4;  //串行数据线
  18          sbit R_CLK =P3^5;  //数据并行输出控制
  19          sbit S_CLK =P3^6;  //串行时钟线
  20          
  21          
  22          void delay(unsigned int i);      //函数声名
  23          void HC595SendData(unsigned char SendVal);  //函数声名
  24           
  25          // 此表为 LED 的字模            // 0    1    2    3    4    5    6   7    8    9    A    b    c    d    E 
             -   -    L   P    U    Hidden  _ (20)
  26          unsigned char code LED7Code[] = {~0x3F,~0x06,~0x5B,~0x4F,~0x66,~0x6D,~0x7D,~0x07,~0x7F,~0x6F,~0x77,~0x7C,~
             -0x39,~0x5E,~0x79,~0x71};
  27           
  28          main()
  29          {  unsigned char  HC595SendVal;
  30   1         unsigned int LedNumVal;
  31   1         
  32   1        while(1)
  33   1        {  
  34   2          LedNumVal++;
  35   2          HC595SendVal = LED7Code[LedNumVal%16];     //LED7;显示0-F  LedNumVal%10 显示0-9
  36   2            HC595SendData(HC595SendVal); //调用595驱动函数  
  37   2            delay(200);
  38   2         
  39   2        }   
  40   1      } 
  41          /*******************延时函数************/
  42          void delay(unsigned int i)
  43          {
  44   1          unsigned int j;
  45   1          for(i; i > 0; i--)   //CPU循环执行i*300次
  46   1              for(j = 300; j > 0; j--);
  47   1      }
  48          
  49          
  50          /*********************************************************************************************************
  51          ** 函数名称: HC595SendData
  52          ** 功能描述: 向SPI总线发送数据
C51 COMPILER V9.54   LED                                                                   07/29/2020 21:08:51 PAGE 2   

  53          *********************************************************************************************************/
  54          void HC595SendData(unsigned char SendVal)
  55          {  
  56   1        unsigned char i;
  57   1          
  58   1        for(i=0;i<8;i++) 
  59   1         {
  60   2        if((SendVal<<i)&0x80) MOSIO=1; //set dataline high  0X80  最高位与SendVal左移的最高位 进行逻辑运算
  61   2        else MOSIO=0;          // 如果为真 MOSIO = 1  
  62   2       
  63   2        S_CLK=0;  
  64   2        NOP();   //短暂延时产生一定宽度的脉冲信号
  65   2        NOP();   //短暂延时
  66   2        S_CLK=1;
  67   2          
  68   2         }
  69   1      
  70   1       
  71   1        R_CLK=0; //set dataline low
  72   1        NOP();  //短暂延时
  73   1        NOP();  //短暂延时
  74   1        R_CLK=1;  //
  75   1        
  76   1      
  77   1      }
  78          


MODULE INFORMATION:   STATIC OVERLAYABLE
   CODE SIZE        =    106    ----
   CONSTANT SIZE    =     16    ----
   XDATA SIZE       =   ----    ----
   PDATA SIZE       =   ----    ----
   DATA SIZE        =   ----       3
   IDATA SIZE       =   ----    ----
   BIT SIZE         =   ----    ----
END OF MODULE INFORMATION.


C51 COMPILATION COMPLETE.  0 WARNING(S),  0 ERROR(S)
