C51 COMPILER V9.01   MAIN                                                                  09/18/2014 16:03:21 PAGE 1   


C51 COMPILER V9.01, COMPILATION OF MODULE MAIN
OBJECT MODULE PLACED IN main.OBJ
COMPILER INVOKED BY: d:\Keil\C51\BIN\C51.EXE main.c BROWSE DEBUG OBJECTEXTEND

line level    source

   1          #include "REG51.H"
   2          #include "lcd_drive.h"
   3          #include "gui.h"
   4          
   5          void main(void)
   6          {
   7   1              TFT_Init();
   8   1              TFT_ClearScreen(BLACK);   //黑
   9   1              while(1)
  10   1              {
  11   2                      GUI_Write32CnChar(60, 24, "普中科技", RED, BLACK); //
  12   2                      GUI_Line(60, 54, 180, 54, RED);
  13   2                      GUI_WriteASCII(0, 65, "2013", RED, BLACK);
  14   2                      GUI_Write32CnChar(64, 60, "年", RED, BLACK);
  15   2                      GUI_WriteASCII(90, 65, "12", RED, BLACK);
  16   2                      GUI_Write32CnChar(122, 60, "月", RED, BLACK);
  17   2                      GUI_WriteASCII(154, 65, "31", RED, BLACK);
  18   2                      GUI_Write32CnChar(186, 60, "日", RED, BLACK);
  19   2                      GUI_WriteASCII(0, 100, "12-00-00", RED, BLACK);
  20   2                      GUI_Write32CnChar(128, 95, "星期", RED, BLACK);
  21   2                      GUI_WriteASCII(192, 100, "2", RED, BLACK);
  22   2                      while(1);
  23   2              }
  24   1      }
  25                  


MODULE INFORMATION:   STATIC OVERLAYABLE
   CODE SIZE        =    294    ----
   CONSTANT SIZE    =     45    ----
   XDATA SIZE       =   ----    ----
   PDATA SIZE       =   ----    ----
   DATA SIZE        =   ----    ----
   IDATA SIZE       =   ----    ----
   BIT SIZE         =   ----    ----
END OF MODULE INFORMATION.


C51 COMPILATION COMPLETE.  0 WARNING(S),  0 ERROR(S)
