C51 COMPILER V9.01   MAIN                                                                  10/29/2014 13:53:58 PAGE 1   


C51 COMPILER V9.01, COMPILATION OF MODULE MAIN
OBJECT MODULE PLACED IN main.OBJ
COMPILER INVOKED BY: d:\Keil\C51\BIN\C51.EXE main.c BROWSE DEBUG OBJECTEXTEND

line level    source

   1          /*******************************************************************************
   2          *                 
   3          *                                      普中科技
   4          --------------------------------------------------------------------------------
   5          * 实 验 名               : LCD1602显示试验
   6          * 实验说明       : LCD1602显示Pechin Science
   7          * 连接方式       : 见连接图
   8          * 注    意               : 
   9          *******************************************************************************/
  10          #include<reg51.h>       
  11          #include"lcd.h"
  12          
  13          //--定义全局变量--//
  14          unsigned char PuZh[]="prechin science ";
  15          
  16          /*******************************************************************************
  17          * 函 数 名         : main
  18          * 函数功能                 : 主函数
  19          * 输    入         : 无
  20          * 输    出         : 无
  21          *******************************************************************************/
  22          void main(void)
  23          {
  24   1              unsigned char i;
  25   1              LcdInit();
  26   1              for(i=0;i<16;i++)
  27   1              {
  28   2                      LcdWriteData(PuZh[i]);  
  29   2              }
  30   1              while(1)
  31   1              {
  32   2              }                               
  33   1      }


MODULE INFORMATION:   STATIC OVERLAYABLE
   CODE SIZE        =     27    ----
   CONSTANT SIZE    =   ----    ----
   XDATA SIZE       =   ----    ----
   PDATA SIZE       =   ----    ----
   DATA SIZE        =     17       1
   IDATA SIZE       =   ----    ----
   BIT SIZE         =   ----    ----
END OF MODULE INFORMATION.


C51 COMPILATION COMPLETE.  0 WARNING(S),  0 ERROR(S)
