C51 COMPILER V9.01   MAIN                                                                  12/10/2014 14:02:09 PAGE 1   


C51 COMPILER V9.01, COMPILATION OF MODULE MAIN
OBJECT MODULE PLACED IN main.OBJ
COMPILER INVOKED BY: d:\Keil\C51\BIN\C51.EXE main.c BROWSE DEBUG OBJECTEXTEND

line level    source

   1          #include "REG51.H"
   2          #include "lcd_driver.h"
   3          
   4          /****************************************************************************
   5          *函数名：main
   6          *输  入：无
   7          *输  出：无
   8          *功  能：主函数
   9          ****************************************************************************/
  10          
  11          void main (void)
  12          {
  13   1              TFT_Init();                   //初始化TFT
  14   1      
  15   1              while(1)
  16   1              {
  17   2                      TFT_ClearScreen(BLACK);   //刷黑色
  18   2                      TFT_ClearScreen(BLUE);
  19   2                      TFT_ClearScreen(RED);
  20   2                      TFT_ClearScreen(MAGENTA);
  21   2                      TFT_ClearScreen(GREEN);
  22   2                      TFT_ClearScreen(CYAN);
  23   2                      TFT_ClearScreen(YELLOW);
  24   2                      TFT_ClearScreen(WHITE);         
  25   2              }
  26   1      }
  27          
  28                  


MODULE INFORMATION:   STATIC OVERLAYABLE
   CODE SIZE        =     60    ----
   CONSTANT SIZE    =   ----    ----
   XDATA SIZE       =   ----    ----
   PDATA SIZE       =   ----    ----
   DATA SIZE        =   ----    ----
   IDATA SIZE       =   ----    ----
   BIT SIZE         =   ----    ----
END OF MODULE INFORMATION.


C51 COMPILATION COMPLETE.  0 WARNING(S),  0 ERROR(S)
