C51 COMPILER V9.01   MAIN                                                                  09/18/2014 10:28:41 PAGE 1   


C51 COMPILER V9.01, COMPILATION OF MODULE MAIN
OBJECT MODULE PLACED IN main.OBJ
COMPILER INVOKED BY: d:\Keil\C51\BIN\C51.EXE main.c BROWSE DEBUG OBJECTEXTEND

line level    source

   1          #include "REG51.H"
   2          #include "lcd_drive.h"
   3          
   4          void main(void)
   5          {
   6   1              TFT_Init();
   7   1              while(1)
   8   1              {
   9   2                      TFT_ClearScreen(WHITE);   //°×
  10   2                      TFT_ClearScreen(BLACK);   //ºÚ
  11   2                      TFT_ClearScreen(BLUE);    //À¶
  12   2                      TFT_ClearScreen(RED);     //ºì
  13   2                      TFT_ClearScreen(MAGENTA); 
  14   2                      TFT_ClearScreen(GREEN);   
  15   2      
  16   2              }
  17   1      }
  18                  


MODULE INFORMATION:   STATIC OVERLAYABLE
   CODE SIZE        =     46    ----
   CONSTANT SIZE    =   ----    ----
   XDATA SIZE       =   ----    ----
   PDATA SIZE       =   ----    ----
   DATA SIZE        =   ----    ----
   IDATA SIZE       =   ----    ----
   BIT SIZE         =   ----    ----
END OF MODULE INFORMATION.


C51 COMPILATION COMPLETE.  0 WARNING(S),  0 ERROR(S)
