C51 COMPILER V9.54   MAIN                                                                  07/29/2020 11:24:23 PAGE 1   


C51 COMPILER V9.54, COMPILATION OF MODULE MAIN
OBJECT MODULE PLACED IN .\output\main.obj
COMPILER INVOKED BY: C:\Keil_v5\C51\BIN\C51.EXE main.c OPTIMIZE(8,SPEED) BROWSE DEBUG OBJECTEXTEND PRINT(.\listing\main.
                    -lst) TABS(2) OBJECT(.\output\main.obj)

line level    source

   1          /*******************************************************************************
   2          * 实验名         : 串口实验
   3          * 使用的IO       : P2
   4          * 实验效果       : 将接收到发送回电脑上面。
   5          * 注意           ：
   6          *******************************************************************************/
   7          
   8          #include<reg51.h>
   9          
  10          //--声明全局函数--//
  11          void UsartConfiguration();
  12          /*******************************************************************************
  13          * 函 数 名         : main
  14          * 函数功能       : 主函数
  15          * 输    入         : 无
  16          * 输    出         : 无
  17          *******************************************************************************/
  18          
  19          void main()
  20          {
  21   1        UsartConfiguration();
  22   1        while(1)
  23   1        {
  24   2        }
  25   1      }
  26          /*******************************************************************************
  27          * 函 数 名         :UsartConfiguration()
  28          * 函数功能       :设置串口
  29          * 输    入         : 无
  30          * 输    出         : 无
  31          *******************************************************************************/
  32          
  33          void UsartConfiguration()
  34          {
  35   1        SCON=0X50;      //设置为工作方式1
  36   1        TMOD=0X20;      //设置计数器工作方式2
  37   1        PCON=0X80;      //波特率加倍
  38   1        TH1=0XF3;       //计数器初始值设置，注意波特率是4800的
  39   1        TL1=0XF3;
  40   1        ES=1;           //打开接收中断
  41   1        EA=1;           //打开总中断
  42   1        TR1=1;              //打开计数器
  43   1      }
  44          
  45          /*******************************************************************************
  46          * 函 数 名         :Delay(unsigned int i)
  47          * 函数功能       : 延时函数
  48          * 输    入         : 无
  49          * 输    出         : 无
  50          *******************************************************************************/
  51          void Usart() interrupt 4
  52          {
  53   1        unsigned char receiveData;
  54   1      
C51 COMPILER V9.54   MAIN                                                                  07/29/2020 11:24:23 PAGE 2   

  55   1        receiveData=SBUF; //出去接收到的数据
  56   1        RI = 0;           //清除接收中断标志位
  57   1        SBUF=receiveData; //将接收到的数据放入到发送寄存器
  58   1        while(!TI);     //等待发送数据完成
  59   1        TI=0;       //清除发送完成标志位
  60   1      }


MODULE INFORMATION:   STATIC OVERLAYABLE
   CODE SIZE        =     50    ----
   CONSTANT SIZE    =   ----    ----
   XDATA SIZE       =   ----    ----
   PDATA SIZE       =   ----    ----
   DATA SIZE        =   ----    ----
   IDATA SIZE       =   ----    ----
   BIT SIZE         =   ----    ----
END OF MODULE INFORMATION.


C51 COMPILATION COMPLETE.  0 WARNING(S),  0 ERROR(S)
