C51 COMPILER V9.54   LED                                                                   07/29/2020 22:14:47 PAGE 1   


C51 COMPILER V9.54, COMPILATION OF MODULE LED
OBJECT MODULE PLACED IN .\output\LED.obj
COMPILER INVOKED BY: C:\Keil_v5\C51\BIN\C51.EXE LED.C OPTIMIZE(8,SPEED) BROWSE DEBUG OBJECTEXTEND PRINT(.\listing\LED.ls
                    -t) TABS(2) OBJECT(.\output\LED.obj)

line level    source

   1          /*******************************************************************************
   2          *                 
   3          *                            普中科技
   4          --------------------------------------------------------------------------------
   5          * 实 验 名     : LED二进制加法显示实验
   6          * 实验说明       : LED灯做右移跑马灯
   7          * 连接方式       : 见接线图
   8          * 注    意     : 
   9          *******************************************************************************/
  10          
  11          //--包含你要使用的头文件
  12          #include <reg51.h>
  13          #include <intrins.h>
  14          
  15          //--声明全局函数--//
  16          void Delay10ms(unsigned int c);   //延时10ms
  17          /*******************************************************************************
  18          * 函 数 名         : main
  19          * 函数功能       : 主函数
  20          * 输    入         : 无
  21          * 输    出         : 无
  22          *******************************************************************************/
  23          void main(void)
  24          {
  25   1        unsigned char LED;
  26   1      
  27   1        LED = 0xFE;
  28   1      
  29   1        while(1)
  30   1        {
  31   2          P0 = LED;
  32   2      
  33   2          Delay10ms(50);
  34   2      
  35   2          LED = _crol_(LED,1);  //循环右移1位，点亮下一个LED  此函数于库函数
  36   2        }
  37   1      }
  38          
  39          /*******************************************************************************
  40          * 函 数 名         : Delay10ms
  41          * 函数功能       : 延时函数，延时10ms
  42          * 输    入         : 无
  43          * 输    出         : 无
  44          *******************************************************************************/
  45          
  46          void Delay10ms(unsigned int c)   //误差 0us
  47          {
  48   1          unsigned char a, b;
  49   1      
  50   1        //--c已经在传递过来的时候已经赋值了，所以在for语句第一句就不用赋值了--//
  51   1          for (;c>0;c--)
  52   1        {
  53   2          for (b=38;b>0;b--)
  54   2          {
C51 COMPILER V9.54   LED                                                                   07/29/2020 22:14:47 PAGE 2   

  55   3            for (a=130;a>0;a--);
  56   3          }         
  57   2        }
  58   1      }


MODULE INFORMATION:   STATIC OVERLAYABLE
   CODE SIZE        =     53    ----
   CONSTANT SIZE    =   ----    ----
   XDATA SIZE       =   ----    ----
   PDATA SIZE       =   ----    ----
   DATA SIZE        =   ----       1
   IDATA SIZE       =   ----    ----
   BIT SIZE         =   ----    ----
END OF MODULE INFORMATION.


C51 COMPILATION COMPLETE.  0 WARNING(S),  0 ERROR(S)
