C51 COMPILER V9.01   MAIN                                                                  07/30/2014 09:36:20 PAGE 1   


C51 COMPILER V9.01, COMPILATION OF MODULE MAIN
OBJECT MODULE PLACED IN main.OBJ
COMPILER INVOKED BY: D:\Keil\C51\BIN\C51.EXE main.c BROWSE DEBUG OBJECTEXTEND

line level    source

   1          #include"reg51.h"
   2          #include"XPT2046.h"
   3          
   4          //--定义使用的IO--//
   5          #define GPIO_DIG P0
   6          
   7          sbit LSA=P2^2;
   8          sbit LSB=P2^3;
   9          sbit LSC=P2^4;
  10          
  11          //--定义全局变量--//
  12          unsigned char code DIG_CODE[17]={
  13          0x3f,0x06,0x5b,0x4f,0x66,0x6d,0x7d,0x07,
  14          0x7f,0x6f,0x77,0x7c,0x39,0x5e,0x79,0x71};
  15          //0、1、2、3、4、5、6、7、8、9、A、b、C、d、E、F的显示码
  16          
  17          uchar DisplayData[8];           //用来存放要显示的8位数的值
  18          void DigDisplay(void);
  19          void main(void)
  20          {
  21   1              uint temp,count;
  22   1              while(1)
  23   1              {
  24   2                if(count==50)
  25   2                {
  26   3                      count=0; 
  27   3                      temp = Read_AD_Data(0x94);              //   AIN0 电位器
  28   3              //      temp = Read_AD_Data(0xD4);              //   AIN1 热敏电阻
  29   3              //      temp = Read_AD_Data(0xA4);              //   AIN2 光敏电阻
  30   3              //      temp = Read_AD_Data(0xE4);              //   AIN3 外部输入
  31   3                }
  32   2                count++;
  33   2                
  34   2                DisplayData[0]=DIG_CODE[0];
  35   2                DisplayData[1]=DIG_CODE[0];
  36   2                DisplayData[2]=DIG_CODE[0];
  37   2                DisplayData[3]=DIG_CODE[0];
  38   2      
  39   2                DisplayData[4]=DIG_CODE[temp%10000/1000];
  40   2                DisplayData[5]=DIG_CODE[temp%1000/100];
  41   2                DisplayData[6]=DIG_CODE[temp%100/10];
  42   2                DisplayData[7]=DIG_CODE[temp%10/1];
  43   2      
  44   2                DigDisplay();
  45   2              }
  46   1      }
  47          void DigDisplay(void)
  48          {
  49   1              unsigned char i;
  50   1              unsigned int j;
  51   1              for(i=0;i<8;i++)
  52   1              {
  53   2                      switch(i)        //位选，选择点亮的数码管，
  54   2                      {
  55   3                              case(0):
C51 COMPILER V9.01   MAIN                                                                  07/30/2014 09:36:20 PAGE 2   

  56   3                                      LSA=0;LSB=0;LSC=0; break;//显示第0位
  57   3                              case(1):
  58   3                                      LSA=1;LSB=0;LSC=0; break;//显示第1位
  59   3                              case(2):
  60   3                                      LSA=0;LSB=1;LSC=0; break;//显示第2位
  61   3                              case(3):
  62   3                                      LSA=1;LSB=1;LSC=0; break;//显示第3位
  63   3                              case(4):
  64   3                                      LSA=0;LSB=0;LSC=1; break;//显示第4位
  65   3                              case(5):
  66   3                                      LSA=1;LSB=0;LSC=1; break;//显示第5位
  67   3                              case(6):
  68   3                                      LSA=0;LSB=1;LSC=1; break;//显示第6位
  69   3                              case(7):
  70   3                                      LSA=1;LSB=1;LSC=1; break;//显示第7位    
  71   3                      }
  72   2                      GPIO_DIG=DisplayData[i];//发送段码
  73   2                      j=50;                                            //扫描间隔时间设定
  74   2                      while(j--);     
  75   2                      GPIO_DIG=0x00;//消隐
  76   2              }
  77   1      }
  78                  


MODULE INFORMATION:   STATIC OVERLAYABLE
   CODE SIZE        =    303    ----
   CONSTANT SIZE    =     17    ----
   XDATA SIZE       =   ----    ----
   PDATA SIZE       =   ----    ----
   DATA SIZE        =      8       4
   IDATA SIZE       =   ----    ----
   BIT SIZE         =   ----    ----
END OF MODULE INFORMATION.


C51 COMPILATION COMPLETE.  0 WARNING(S),  0 ERROR(S)
