C51 COMPILER V9.54   MAIN                                                                  07/29/2020 10:52:19 PAGE 1   


C51 COMPILER V9.54, COMPILATION OF MODULE MAIN
OBJECT MODULE PLACED IN .\output\main.obj
COMPILER INVOKED BY: C:\Keil_v5\C51\BIN\C51.EXE code\main.c OPTIMIZE(8,SPEED) BROWSE DEBUG OBJECTEXTEND PRINT(.\listing\
                    -main.lst) TABS(2) OBJECT(.\output\main.obj)

line level    source

   1          /*******************************************************************************
   2          *                 
   3          *                            普中科技
   4          --------------------------------------------------------------------------------
   5          * 实 验 名     : LCD1602显示试验
   6          * 实验说明       : LCD1602第一行Pechin Science，第二行显示Welcome to the world 
   7          *                * of MCU。并一直移动。
   8          * 连接方式       : 见连接图
   9          * 注    意     : 
  10          *******************************************************************************/
  11          #include<reg51.h> 
  12          #include"lcd.h"
  13          
  14          //--定义全局变量--//
  15          unsigned char PuZh[16] = " Pechin Science ";
  16          unsigned char CnCh[27] = "Welcome to the world of MCU";
  17          
  18          //--声明全局变量--//
  19          void Delay10ms(unsigned int c);   //误差 0us
  20          
  21          /*******************************************************************************
  22          * 函 数 名         : main
  23          * 函数功能       : 主函数
  24          * 输    入         : 无
  25          * 输    出         : 无
  26          *******************************************************************************/
  27          void main(void)
  28          {
  29   1        unsigned char i;
  30   1      
  31   1        LcdInit();
  32   1        
  33   1        //--写第一行--//
  34   1        for(i=0; i<16; i++)
  35   1        {
  36   2          LcdWriteData(PuZh[i]);  
  37   2        }
  38   1      
  39   1        //--写第二行
  40   1        LcdWriteCom(0xC0); //设置坐标在第二行
  41   1        for(i=0; i<27; i++)
  42   1        {
  43   2          LcdWriteData(CnCh[i]);
  44   2        }
  45   1      
  46   1        LcdWriteCom(0x07); //设置每写一次整屏右移
  47   1        while(1)
  48   1        {     
  49   2          LcdWriteCom(0xC0); //设置坐标在第二行
  50   2          for(i=0; i<27; i++)
  51   2          {
  52   3            LcdWriteData(CnCh[i]);
  53   3            Delay10ms(50);
  54   3          }
C51 COMPILER V9.54   MAIN                                                                  07/29/2020 10:52:19 PAGE 2   

  55   2          
  56   2        }       
  57   1      }
  58          
  59          /*******************************************************************************
  60          * 函 数 名         : Delay10ms
  61          * 函数功能       : 延时函数，延时10ms
  62          * 输    入         : 无
  63          * 输    出         : 无
  64          *******************************************************************************/
  65          
  66          void Delay10ms(unsigned int c)   //误差 0us
  67          {
  68   1          unsigned char a, b;
  69   1      
  70   1        //--c已经在传递过来的时候已经赋值了，所以在for语句第一句就不用赋值了--//
  71   1          for (;c>0;c--)
  72   1        {
  73   2          for (b=38;b>0;b--)
  74   2          {
  75   3            for (a=130;a>0;a--);
  76   3          }          
  77   2        }       
  78   1      }


MODULE INFORMATION:   STATIC OVERLAYABLE
   CODE SIZE        =    118    ----
   CONSTANT SIZE    =   ----    ----
   XDATA SIZE       =   ----    ----
   PDATA SIZE       =   ----    ----
   DATA SIZE        =     43       1
   IDATA SIZE       =   ----    ----
   BIT SIZE         =   ----    ----
END OF MODULE INFORMATION.


C51 COMPILATION COMPLETE.  0 WARNING(S),  0 ERROR(S)
